
--------------------------------------------------
TXLib предупреждает:

Программа: C:\Github\Hamlet\Hamlet-Onegin\hamlet.exe,

ВНЕЗАПНО: Нарушение доступа к памяти.

#1: Исключение EXCEPTION_ACCESS_VIOLATION (0xC0000005) при выполнении кода по адресу 0x0042CF57 в функции Skip_Spaces() в файле C:/Github/Hamlet/Hamlet-Onegin/sort_alphabet.h на строке 40. Попытка прочесть данные по адресу 0x0116F000 в модуле C:\Github\Hamlet\Hamlet-Onegin\hamlet.exe. Спасибо _txVectoredExceptionHandler(), что сообщил. Люблю его <3

#1: TXLib [Ver: 00173a, Rev: 171, Date: 2021-07-19 01:45:49 +0400], Instance: 0x005062FC (32-bit), Flags: Cmdre0, Thread: 0x5620 (Main). 

--------------------------------------------------
Стек вызовов:

# 0 0x0042CF57 in C:\Github\Hamlet\Hamlet-Onegin\hamlet.exe: Skip_Spaces() at C:/Github/Hamlet/Hamlet-Onegin/sort_alphabet.h (40):

     38: 
     39:     int i = 0;
=>   40:     while (*(line + i) != ' ')        //РїСЂРѕС‚РµСЃС‚РёСЂРѕРІР°РЅР° РЅР° РѕР±С‹С‡РЅС‹С… РїСЂРёРјРµСЂР°С…
     41:         {
     42:         i++;

# 1 0x0042CDF9 in C:\Github\Hamlet\Hamlet-Onegin\hamlet.exe: Alphabet() at C:/Github/Hamlet/Hamlet-Onegin/sort_alphabet.h (16):

     14: {
     15:     char* line1 = Skip_Spaces (str1);
=>   16:     char* line2 = Skip_Spaces (str2);
     17:                                                                 // РЅР° РѕР±С‹С‡РЅС‹С… РїСЂРёРјРµСЂР°С… РїСЂРѕС‚РµСЃС‚РёСЂРѕРІР°РЅР°
     18:     for(int i = 0; line1[i] != '\0' && line2[i] != '\0'; i++)

# 2 0x0042D198 in C:\Github\Hamlet\Hamlet-Onegin\hamlet.exe: main() at C:/Github/Hamlet/Hamlet-Onegin/hamlet.cpp (38):

     36:         for(int num_line = 0; num_line < nLines - 1; num_line++)
     37:         {
=>   38:             if (Alphabet(input_string_array[num_line], input_string_array[num_line + 1]) > 0)
     39:             {
     40:                 swap_arrays(input_string_array[num_line], input_string_array[num_line + 1], maxSymbols);

--------------------------------------------------
Developed with:

The Dumb Artist Library (TX Library)
TXLib [Ver: 00173a, Rev: 171, Date: 2021-07-19 01:45:49 +0400]
Copyright (C) Ded (Ilya Dedinsky, http://txlib.ru) <mail@txlib.ru>
See license on: http://txlib.ru

TXLib file:	c:\codeblocks\codeblocks\mingw\include\txlib.h
Compiled:	Sep 20 2021 22:56:49, GNU g++ 4.8.1, std=201103L, MinGW Runtime 3.20, 32-bit, DEBUG
Started:	Sep 20 2021 22:56:54

Run file:	C:\Github\Hamlet\Hamlet-Onegin\hamlet.exe
Directory:	C:\Github\Hamlet\Hamlet-Onegin

--------------------------------------------------

--------------------------------------------------
TXLib соболезнует...

Программа: C:\Github\Hamlet\Hamlet-Onegin\hamlet.exe,

ВНЕЗАПНО: signal (11, 0x00): SIGSEGV: Доступ по неверному указателю. Ставьте ассерты! 

Нарушение доступа к памяти.

#1: Исключение EXCEPTION_ACCESS_VIOLATION (0xC0000005) при выполнении кода по адресу 0x0042CF57 в функции Skip_Spaces() в файле C:/Github/Hamlet/Hamlet-Onegin/sort_alphabet.h на строке 40. Попытка прочесть данные по адресу 0x0116F000 в модуле C:\Github\Hamlet\Hamlet-Onegin\hamlet.exe. Спасибо _txVectoredExceptionHandler(), что сообщил. Люблю его <3

С помощью функции signal() вы можете сами обработать эту ошибку.

#2: TXLib [Ver: 00173a, Rev: 171, Date: 2021-07-19 01:45:49 +0400], Instance: 0x005062FC (32-bit), Flags: Cmdre0, Thread: 0x5620 (Main). 

--------------------------------------------------
Стек вызовов:

# 0 0x0042CF57 in C:\Github\Hamlet\Hamlet-Onegin\hamlet.exe: Skip_Spaces() at C:/Github/Hamlet/Hamlet-Onegin/sort_alphabet.h (40):

     38: 
     39:     int i = 0;
=>   40:     while (*(line + i) != ' ')        //РїСЂРѕС‚РµСЃС‚РёСЂРѕРІР°РЅР° РЅР° РѕР±С‹С‡РЅС‹С… РїСЂРёРјРµСЂР°С…
     41:         {
     42:         i++;

# 1 0x0042CDF9 in C:\Github\Hamlet\Hamlet-Onegin\hamlet.exe: Alphabet() at C:/Github/Hamlet/Hamlet-Onegin/sort_alphabet.h (16):

     14: {
     15:     char* line1 = Skip_Spaces (str1);
=>   16:     char* line2 = Skip_Spaces (str2);
     17:                                                                 // РЅР° РѕР±С‹С‡РЅС‹С… РїСЂРёРјРµСЂР°С… РїСЂРѕС‚РµСЃС‚РёСЂРѕРІР°РЅР°
     18:     for(int i = 0; line1[i] != '\0' && line2[i] != '\0'; i++)

# 2 0x0042D198 in C:\Github\Hamlet\Hamlet-Onegin\hamlet.exe: main() at C:/Github/Hamlet/Hamlet-Onegin/hamlet.cpp (38):

     36:         for(int num_line = 0; num_line < nLines - 1; num_line++)
     37:         {
=>   38:             if (Alphabet(input_string_array[num_line], input_string_array[num_line + 1]) > 0)
     39:             {
     40:                 swap_arrays(input_string_array[num_line], input_string_array[num_line + 1], maxSymbols);

--------------------------------------------------
Developed with:

The Dumb Artist Library (TX Library)
TXLib [Ver: 00173a, Rev: 171, Date: 2021-07-19 01:45:49 +0400]
Copyright (C) Ded (Ilya Dedinsky, http://txlib.ru) <mail@txlib.ru>
See license on: http://txlib.ru

TXLib file:	c:\codeblocks\codeblocks\mingw\include\txlib.h
Compiled:	Sep 20 2021 22:56:49, GNU g++ 4.8.1, std=201103L, MinGW Runtime 3.20, 32-bit, DEBUG
Started:	Sep 20 2021 22:56:54

Run file:	C:\Github\Hamlet\Hamlet-Onegin\hamlet.exe
Directory:	C:\Github\Hamlet\Hamlet-Onegin

--------------------------------------------------
